<?xml version="1.0" encoding="UTF-8"?>
<robot generator="Robot 7.0.1 (Python 3.10.11 on darwin)" generated="2024-08-05T14:28:26.595103" rpa="false" schemaversion="5">
<suite id="s1" name="Test" source="/Users/krits01/test_ip/get_ip_address/test.robot">
<test id="s1-t1" name="Verify in robot" line="5">
<kw name="Run Process" owner="Process">
<msg time="2024-08-05T14:28:26.690129" level="INFO">Starting process:
python3 get_ip.py input1.json</msg>
<msg time="2024-08-05T14:28:26.695223" level="INFO">Waiting for process to complete.</msg>
<msg time="2024-08-05T14:28:26.871266" level="INFO">Process completed.</msg>
<msg time="2024-08-05T14:28:26.871875" level="INFO">${result} = &lt;result object with rc 2&gt;</msg>
<var>${result}</var>
<arg>python3</arg>
<arg>get_ip.py</arg>
<arg>input1.json</arg>
<arg>shell=True</arg>
<arg>stdout=PIPE</arg>
<arg>stderr=PIPE</arg>
<doc>Runs a process and waits for it to complete.</doc>
<status status="PASS" start="2024-08-05T14:28:26.685419" elapsed="0.186541"/>
</kw>
<kw name="Should Be Equal" owner="BuiltIn">
<msg time="2024-08-05T14:28:26.873632" level="INFO">Argument types are:
&lt;class 'int'&gt;
&lt;class 'str'&gt;</msg>
<msg time="2024-08-05T14:28:26.873808" level="FAIL">2 != 0</msg>
<arg>${result.rc}</arg>
<arg>0</arg>
<doc>Fails if the given objects are unequal.</doc>
<status status="FAIL" start="2024-08-05T14:28:26.872675" elapsed="0.001217">2 != 0</status>
</kw>
<kw name="Get File" owner="OperatingSystem">
<var>${output}</var>
<arg>${result.stdout}</arg>
<doc>Returns the contents of a specified file.</doc>
<status status="NOT RUN" start="2024-08-05T14:28:26.874082" elapsed="0.000025"/>
</kw>
<kw name="Should Be Equal As Numbers" owner="BuiltIn">
<arg>${output}</arg>
<arg>192.168.101.101</arg>
<doc>Fails if objects are unequal after converting them to real numbers.</doc>
<status status="NOT RUN" start="2024-08-05T14:28:26.874231" elapsed="0.000018"/>
</kw>
<status status="FAIL" start="2024-08-05T14:28:26.684740" elapsed="0.189726">2 != 0</status>
</test>
<status status="FAIL" start="2024-08-05T14:28:26.598631" elapsed="0.276410"/>
</suite>
<statistics>
<total>
<stat pass="0" fail="1" skip="0">All Tests</stat>
</total>
<tag>
</tag>
<suite>
<stat pass="0" fail="1" skip="0" id="s1" name="Test">Test</stat>
</suite>
</statistics>
<errors>
</errors>
</robot>
